{"level":"info","message":"Role & Authorization Service running on port 3002","service":"role-service","timestamp":"2025-05-12 21:15:23:1523"}
{"level":"info","message":"Redis client connected","service":"role-service","timestamp":"2025-05-12 21:15:23:1523"}
{"level":"info","message":"Connected to Redis","service":"role-service","timestamp":"2025-05-12 21:15:23:1523"}
{"level":"info","message":"Connected to MongoDB","service":"role-service","timestamp":"2025-05-12 21:15:24:1524"}
{"ip":"::1","level":"info","message":"GET /","method":"GET","service":"role-service","timestamp":"2025-05-12 21:15:53:1553","url":"/"}
{"error":"Error: Not Found - /\n    at notFoundHandler (D:\\PROJECT\\sarana-app\\apps\\role-service\\src\\middleware\\errorHandler.js:128:15)\n    at Layer.handle [as handle_request] (D:\\PROJECT\\sarana-app\\node_modules\\express\\lib\\router\\layer.js:95:5)\n    at trim_prefix (D:\\PROJECT\\sarana-app\\node_modules\\express\\lib\\router\\index.js:328:13)\n    at D:\\PROJECT\\sarana-app\\node_modules\\express\\lib\\router\\index.js:286:9\n    at Function.process_params (D:\\PROJECT\\sarana-app\\node_modules\\express\\lib\\router\\index.js:346:12)\n    at next (D:\\PROJECT\\sarana-app\\node_modules\\express\\lib\\router\\index.js:280:10)\n    at D:\\PROJECT\\sarana-app\\apps\\role-service\\src\\utils\\logger.js:89:5\n    at Layer.handle [as handle_request] (D:\\PROJECT\\sarana-app\\node_modules\\express\\lib\\router\\layer.js:95:5)\n    at trim_prefix (D:\\PROJECT\\sarana-app\\node_modules\\express\\lib\\router\\index.js:328:13)\n    at D:\\PROJECT\\sarana-app\\node_modules\\express\\lib\\router\\index.js:286:9","ip":"::1","level":"warn","message":"404 - Not Found - /","method":"GET","path":"/","service":"role-service","timestamp":"2025-05-12 21:15:53:1553"}
{"duration":10,"ip":"::1","level":"warn","message":"GET / 404 - 10ms","method":"GET","service":"role-service","status":404,"timestamp":"2025-05-12 21:15:53:1553","url":"/"}
{"ip":"::1","level":"info","message":"GET /favicon.ico","method":"GET","service":"role-service","timestamp":"2025-05-12 21:15:53:1553","url":"/favicon.ico"}
{"error":"Error: Not Found - /favicon.ico\n    at notFoundHandler (D:\\PROJECT\\sarana-app\\apps\\role-service\\src\\middleware\\errorHandler.js:128:15)\n    at Layer.handle [as handle_request] (D:\\PROJECT\\sarana-app\\node_modules\\express\\lib\\router\\layer.js:95:5)\n    at trim_prefix (D:\\PROJECT\\sarana-app\\node_modules\\express\\lib\\router\\index.js:328:13)\n    at D:\\PROJECT\\sarana-app\\node_modules\\express\\lib\\router\\index.js:286:9\n    at Function.process_params (D:\\PROJECT\\sarana-app\\node_modules\\express\\lib\\router\\index.js:346:12)\n    at next (D:\\PROJECT\\sarana-app\\node_modules\\express\\lib\\router\\index.js:280:10)\n    at D:\\PROJECT\\sarana-app\\apps\\role-service\\src\\utils\\logger.js:89:5\n    at Layer.handle [as handle_request] (D:\\PROJECT\\sarana-app\\node_modules\\express\\lib\\router\\layer.js:95:5)\n    at trim_prefix (D:\\PROJECT\\sarana-app\\node_modules\\express\\lib\\router\\index.js:328:13)\n    at D:\\PROJECT\\sarana-app\\node_modules\\express\\lib\\router\\index.js:286:9","ip":"::1","level":"warn","message":"404 - Not Found - /favicon.ico","method":"GET","path":"/favicon.ico","service":"role-service","timestamp":"2025-05-12 21:15:53:1553"}
{"duration":4,"ip":"::1","level":"warn","message":"GET /favicon.ico 404 - 4ms","method":"GET","service":"role-service","status":404,"timestamp":"2025-05-12 21:15:53:1553","url":"/favicon.ico"}
{"ip":"::1","level":"info","message":"GET /api-docs","method":"GET","service":"role-service","timestamp":"2025-05-12 21:16:00:160","url":"/api-docs"}
{"duration":3,"ip":"::1","level":"info","message":"GET / 301 - 3ms","method":"GET","service":"role-service","status":301,"timestamp":"2025-05-12 21:16:00:160","url":"/"}
{"ip":"::1","level":"info","message":"GET /api-docs/","method":"GET","service":"role-service","timestamp":"2025-05-12 21:16:00:160","url":"/api-docs/"}
{"duration":6,"ip":"::1","level":"info","message":"GET / 200 - 6ms","method":"GET","service":"role-service","status":200,"timestamp":"2025-05-12 21:16:00:160","url":"/"}
{"ip":"::1","level":"info","message":"GET /api-docs/swagger-ui.css","method":"GET","service":"role-service","timestamp":"2025-05-12 21:16:00:160","url":"/api-docs/swagger-ui.css"}
{"ip":"::1","level":"info","message":"GET /api-docs/swagger-ui-bundle.js","method":"GET","service":"role-service","timestamp":"2025-05-12 21:16:00:160","url":"/api-docs/swagger-ui-bundle.js"}
{"ip":"::1","level":"info","message":"GET /api-docs/swagger-ui-standalone-preset.js","method":"GET","service":"role-service","timestamp":"2025-05-12 21:16:00:160","url":"/api-docs/swagger-ui-standalone-preset.js"}
{"ip":"::1","level":"info","message":"GET /api-docs/swagger-ui-init.js","method":"GET","service":"role-service","timestamp":"2025-05-12 21:16:00:160","url":"/api-docs/swagger-ui-init.js"}
{"duration":4,"ip":"::1","level":"info","message":"GET /swagger-ui-init.js 200 - 4ms","method":"GET","service":"role-service","status":200,"timestamp":"2025-05-12 21:16:00:160","url":"/swagger-ui-init.js"}
{"duration":16,"ip":"::1","level":"info","message":"GET /swagger-ui.css 200 - 16ms","method":"GET","service":"role-service","status":200,"timestamp":"2025-05-12 21:16:00:160","url":"/swagger-ui.css"}
{"duration":18,"ip":"::1","level":"info","message":"GET /swagger-ui-standalone-preset.js 200 - 18ms","method":"GET","service":"role-service","status":200,"timestamp":"2025-05-12 21:16:00:160","url":"/swagger-ui-standalone-preset.js"}
{"duration":75,"ip":"::1","level":"info","message":"GET /swagger-ui-bundle.js 200 - 75ms","method":"GET","service":"role-service","status":200,"timestamp":"2025-05-12 21:16:00:160","url":"/swagger-ui-bundle.js"}
{"ip":"::1","level":"info","message":"GET /api-docs/favicon-32x32.png","method":"GET","service":"role-service","timestamp":"2025-05-12 21:16:00:160","url":"/api-docs/favicon-32x32.png"}
{"duration":3,"ip":"::1","level":"info","message":"GET /favicon-32x32.png 200 - 3ms","method":"GET","service":"role-service","status":200,"timestamp":"2025-05-12 21:16:00:160","url":"/favicon-32x32.png"}
{"ip":"::1","level":"info","message":"GET /api/v1/permissions?page=1&limit=10&sortBy=resource&sortOrder=asc","method":"GET","service":"role-service","timestamp":"2025-05-12 21:16:18:1618","url":"/api/v1/permissions?page=1&limit=10&sortBy=resource&sortOrder=asc"}
{"error":"Error: No token provided\n    at authenticate (D:\\PROJECT\\sarana-app\\apps\\role-service\\src\\middleware\\authMiddleware.js:22:13)\n    at Layer.handle [as handle_request] (D:\\PROJECT\\sarana-app\\node_modules\\express\\lib\\router\\layer.js:95:5)\n    at next (D:\\PROJECT\\sarana-app\\node_modules\\express\\lib\\router\\route.js:149:13)\n    at Route.dispatch (D:\\PROJECT\\sarana-app\\node_modules\\express\\lib\\router\\route.js:119:3)\n    at Layer.handle [as handle_request] (D:\\PROJECT\\sarana-app\\node_modules\\express\\lib\\router\\layer.js:95:5)\n    at D:\\PROJECT\\sarana-app\\node_modules\\express\\lib\\router\\index.js:284:15\n    at Function.process_params (D:\\PROJECT\\sarana-app\\node_modules\\express\\lib\\router\\index.js:346:12)\n    at next (D:\\PROJECT\\sarana-app\\node_modules\\express\\lib\\router\\index.js:280:10)\n    at Function.handle (D:\\PROJECT\\sarana-app\\node_modules\\express\\lib\\router\\index.js:175:3)\n    at router (D:\\PROJECT\\sarana-app\\node_modules\\express\\lib\\router\\index.js:47:12)","ip":"::1","level":"warn","message":"401 - No token provided","method":"GET","path":"/api/v1/permissions","service":"role-service","timestamp":"2025-05-12 21:16:18:1618"}
{"duration":4,"ip":"::1","level":"warn","message":"GET /api/v1/permissions?page=1&limit=10&sortBy=resource&sortOrder=asc 401 - 4ms","method":"GET","service":"role-service","status":401,"timestamp":"2025-05-12 21:16:18:1618","url":"/api/v1/permissions?page=1&limit=10&sortBy=resource&sortOrder=asc"}
{"ip":"::1","level":"info","message":"POST /api/v1/permissions","method":"POST","service":"role-service","timestamp":"2025-05-12 21:16:42:1642","url":"/api/v1/permissions"}
{"error":"Error: No token provided\n    at authenticate (D:\\PROJECT\\sarana-app\\apps\\role-service\\src\\middleware\\authMiddleware.js:22:13)\n    at Layer.handle [as handle_request] (D:\\PROJECT\\sarana-app\\node_modules\\express\\lib\\router\\layer.js:95:5)\n    at next (D:\\PROJECT\\sarana-app\\node_modules\\express\\lib\\router\\route.js:149:13)\n    at Route.dispatch (D:\\PROJECT\\sarana-app\\node_modules\\express\\lib\\router\\route.js:119:3)\n    at Layer.handle [as handle_request] (D:\\PROJECT\\sarana-app\\node_modules\\express\\lib\\router\\layer.js:95:5)\n    at D:\\PROJECT\\sarana-app\\node_modules\\express\\lib\\router\\index.js:284:15\n    at Function.process_params (D:\\PROJECT\\sarana-app\\node_modules\\express\\lib\\router\\index.js:346:12)\n    at next (D:\\PROJECT\\sarana-app\\node_modules\\express\\lib\\router\\index.js:280:10)\n    at Function.handle (D:\\PROJECT\\sarana-app\\node_modules\\express\\lib\\router\\index.js:175:3)\n    at router (D:\\PROJECT\\sarana-app\\node_modules\\express\\lib\\router\\index.js:47:12)","ip":"::1","level":"warn","message":"401 - No token provided","method":"POST","path":"/api/v1/permissions","service":"role-service","timestamp":"2025-05-12 21:16:42:1642"}
{"duration":2,"ip":"::1","level":"warn","message":"POST /api/v1/permissions 401 - 2ms","method":"POST","service":"role-service","status":401,"timestamp":"2025-05-12 21:16:42:1642","url":"/api/v1/permissions"}
{"level":"info","message":"Role & Authorization Service running on port 3002","service":"role-service","timestamp":"2025-05-12 21:19:14:1914"}
{"level":"info","message":"Redis client connected","service":"role-service","timestamp":"2025-05-12 21:19:14:1914"}
{"level":"info","message":"Connected to MongoDB","service":"role-service","timestamp":"2025-05-12 21:19:23:1923"}
{"level":"info","message":"Creating roles...","service":"role-service","timestamp":"2025-05-12 21:19:23:1923"}
{"level":"info","message":"Created role ADMIN","service":"role-service","timestamp":"2025-05-12 21:19:23:1923"}
{"level":"info","message":"Created role MANAGER","service":"role-service","timestamp":"2025-05-12 21:19:23:1923"}
{"level":"info","message":"Created role STAFF","service":"role-service","timestamp":"2025-05-12 21:19:24:1924"}
{"level":"info","message":"Created role DRIVER","service":"role-service","timestamp":"2025-05-12 21:19:24:1924"}
{"level":"info","message":"Created role CUSTOMER","service":"role-service","timestamp":"2025-05-12 21:19:24:1924"}
{"level":"info","message":"Set MANAGER as parent of STAFF","service":"role-service","timestamp":"2025-05-12 21:19:24:1924"}
{"level":"info","message":"Creating permissions...","service":"role-service","timestamp":"2025-05-12 21:19:24:1924"}
{"level":"info","message":"Created permission user:create","service":"role-service","timestamp":"2025-05-12 21:19:24:1924"}
{"level":"info","message":"Created permission user:read","service":"role-service","timestamp":"2025-05-12 21:19:24:1924"}
{"level":"info","message":"Created permission user:update","service":"role-service","timestamp":"2025-05-12 21:19:24:1924"}
{"level":"info","message":"Created permission user:delete","service":"role-service","timestamp":"2025-05-12 21:19:25:1925"}
{"level":"info","message":"Created permission user:manage","service":"role-service","timestamp":"2025-05-12 21:19:25:1925"}
{"level":"info","message":"Created permission role:create","service":"role-service","timestamp":"2025-05-12 21:19:25:1925"}
{"level":"info","message":"Created permission role:read","service":"role-service","timestamp":"2025-05-12 21:19:25:1925"}
{"level":"info","message":"Created permission role:update","service":"role-service","timestamp":"2025-05-12 21:19:25:1925"}
{"level":"info","message":"Created permission role:delete","service":"role-service","timestamp":"2025-05-12 21:19:25:1925"}
{"level":"info","message":"Created permission role:manage","service":"role-service","timestamp":"2025-05-12 21:19:26:1926"}
{"level":"info","message":"Created permission permission:create","service":"role-service","timestamp":"2025-05-12 21:19:26:1926"}
{"level":"info","message":"Created permission permission:read","service":"role-service","timestamp":"2025-05-12 21:19:26:1926"}
{"level":"info","message":"Created permission permission:update","service":"role-service","timestamp":"2025-05-12 21:19:26:1926"}
{"level":"info","message":"Created permission permission:delete","service":"role-service","timestamp":"2025-05-12 21:19:26:1926"}
{"level":"info","message":"Created permission permission:manage","service":"role-service","timestamp":"2025-05-12 21:19:26:1926"}
{"level":"info","message":"Created permission user-role:create","service":"role-service","timestamp":"2025-05-12 21:19:26:1926"}
{"level":"info","message":"Created permission user-role:read","service":"role-service","timestamp":"2025-05-12 21:19:26:1926"}
{"level":"info","message":"Created permission user-role:update","service":"role-service","timestamp":"2025-05-12 21:19:27:1927"}
{"level":"info","message":"Created permission user-role:delete","service":"role-service","timestamp":"2025-05-12 21:19:27:1927"}
{"level":"info","message":"Created permission user-role:manage","service":"role-service","timestamp":"2025-05-12 21:19:28:1928"}
{"level":"info","message":"Assigning permissions to roles...","service":"role-service","timestamp":"2025-05-12 21:19:28:1928"}
{"level":"info","message":"Assigned all permissions to ADMIN","service":"role-service","timestamp":"2025-05-12 21:19:31:1931"}
{"level":"info","message":"Assigned permissions to MANAGER","service":"role-service","timestamp":"2025-05-12 21:19:32:1932"}
{"level":"info","message":"Assigned permissions to STAFF","service":"role-service","timestamp":"2025-05-12 21:19:32:1932"}
{"level":"info","message":"Assigned permissions to DRIVER","service":"role-service","timestamp":"2025-05-12 21:19:32:1932"}
{"level":"info","message":"Assigned permissions to CUSTOMER","service":"role-service","timestamp":"2025-05-12 21:19:32:1932"}
{"level":"info","message":"Role & Authorization Service running on port 3002","service":"role-service","timestamp":"2025-05-12 21:19:39:1939"}
{"level":"info","message":"Redis client connected","service":"role-service","timestamp":"2025-05-12 21:19:39:1939"}
{"level":"info","message":"Connected to Redis","service":"role-service","timestamp":"2025-05-12 21:19:39:1939"}
{"level":"info","message":"Connected to MongoDB","service":"role-service","timestamp":"2025-05-12 21:19:39:1939"}
